# JRE version: Java(TM) SE Runtime Environment (7.0_45-b18) (build 1.7.0_45-b18)
# Java VM: Java HotSpot(TM) 64-Bit Server VM (24.45-b08 mixed mode bsd-amd64 compressed oops)
Heap
 PSYoungGen      total 19456K, used 11838K [0x00000007eaa80000, 0x00000007ec000000, 0x0000000800000000)
  eden space 16896K, 54% used [0x00000007eaa80000,0x00000007eb392060,0x00000007ebb00000)
  from space 2560K, 99% used [0x00000007ebb00000,0x00000007ebd7d7a8,0x00000007ebd80000)
  to   space 2560K, 0% used [0x00000007ebd80000,0x00000007ebd80000,0x00000007ec000000)
 ParOldGen       total 43520K, used 25349K [0x00000007c0000000, 0x00000007c2a80000, 0x00000007eaa80000)
  object space 43520K, 58% used [0x00000007c0000000,0x00000007c18c14d0,0x00000007c2a80000)
 PSPermGen       total 21504K, used 15964K [0x00000007bae00000, 0x00000007bc300000, 0x00000007c0000000)
  object space 21504K, 74% used [0x00000007bae00000,0x00000007bbd97180,0x00000007bc300000)
GC Heap History (6 events):
Event: 5.422 GC heap before
{Heap before GC invocations=1 (full 0):
 PSYoungGen      total 19456K, used 16896K [0x00000007eaa80000, 0x00000007ec000000, 0x0000000800000000)
  eden space 16896K, 100% used [0x00000007eaa80000,0x00000007ebb00000,0x00000007ebb00000)
  from space 2560K, 0% used [0x00000007ebd80000,0x00000007ebd80000,0x00000007ec000000)
  to   space 2560K, 0% used [0x00000007ebb00000,0x00000007ebb00000,0x00000007ebd80000)
 ParOldGen       total 43520K, used 0K [0x00000007c0000000, 0x00000007c2a80000, 0x00000007eaa80000)
  object space 43520K, 0% used [0x00000007c0000000,0x00000007c0000000,0x00000007c2a80000)
 PSPermGen       total 21504K, used 14313K [0x00000007bae00000, 0x00000007bc300000, 0x00000007c0000000)
  object space 21504K, 66% used [0x00000007bae00000,0x00000007bbbfa660,0x00000007bc300000)
Event: 5.445 GC heap after
Heap after GC invocations=1 (full 0):
 PSYoungGen      total 19456K, used 2543K [0x00000007eaa80000, 0x00000007ec000000, 0x0000000800000000)
  eden space 16896K, 0% used [0x00000007eaa80000,0x00000007eaa80000,0x00000007ebb00000)
  from space 2560K, 99% used [0x00000007ebb00000,0x00000007ebd7bd60,0x00000007ebd80000)
  to   space 2560K, 0% used [0x00000007ebd80000,0x00000007ebd80000,0x00000007ec000000)
 ParOldGen       total 43520K, used 5602K [0x00000007c0000000, 0x00000007c2a80000, 0x00000007eaa80000)
  object space 43520K, 12% used [0x00000007c0000000,0x00000007c0578b68,0x00000007c2a80000)
 PSPermGen       total 21504K, used 14313K [0x00000007bae00000, 0x00000007bc300000, 0x00000007c0000000)
  object space 21504K, 66% used [0x00000007bae00000,0x00000007bbbfa660,0x00000007bc300000)
}
Event: 6.853 GC heap before
{Heap before GC invocations=2 (full 0):
 PSYoungGen      total 19456K, used 18210K [0x00000007eaa80000, 0x00000007ec000000, 0x0000000800000000)
  eden space 16896K, 92% used [0x00000007eaa80000,0x00000007eb9cce38,0x00000007ebb00000)
  from space 2560K, 99% used [0x00000007ebb00000,0x00000007ebd7bd60,0x00000007ebd80000)
  to   space 2560K, 0% used [0x00000007ebd80000,0x00000007ebd80000,0x00000007ec000000)
 ParOldGen       total 43520K, used 5602K [0x00000007c0000000, 0x00000007c2a80000, 0x00000007eaa80000)
  object space 43520K, 12% used [0x00000007c0000000,0x00000007c0578b68,0x00000007c2a80000)
 PSPermGen       total 21504K, used 15488K [0x00000007bae00000, 0x00000007bc300000, 0x00000007c0000000)
  object space 21504K, 72% used [0x00000007bae00000,0x00000007bbd20250,0x00000007bc300000)
Event: 6.884 GC heap after
Heap after GC invocations=2 (full 0):
 PSYoungGen      total 19456K, used 2543K [0x00000007eaa80000, 0x00000007ed080000, 0x0000000800000000)
  eden space 16896K, 0% used [0x00000007eaa80000,0x00000007eaa80000,0x00000007ebb00000)
  from space 2560K, 99% used [0x00000007ebd80000,0x00000007ebffbd40,0x00000007ec000000)
  to   space 2560K, 0% used [0x00000007ebb00000,0x00000007ebb00000,0x00000007ebd80000)
 ParOldGen       total 43520K, used 20901K [0x00000007c0000000, 0x00000007c2a80000, 0x00000007eaa80000)
  object space 43520K, 48% used [0x00000007c0000000,0x00000007c14696b8,0x00000007c2a80000)
 PSPermGen       total 21504K, used 15488K [0x00000007bae00000, 0x00000007bc300000, 0x00000007c0000000)
  object space 21504K, 72% used [0x00000007bae00000,0x00000007bbd20250,0x00000007bc300000)
}
Event: 17.755 GC heap before
{Heap before GC invocations=3 (full 0):
 PSYoungGen      total 19456K, used 19439K [0x00000007eaa80000, 0x00000007ed080000, 0x0000000800000000)
  eden space 16896K, 100% used [0x00000007eaa80000,0x00000007ebb00000,0x00000007ebb00000)
  from space 2560K, 99% used [0x00000007ebd80000,0x00000007ebffbd40,0x00000007ec000000)
  to   space 2560K, 0% used [0x00000007ebb00000,0x00000007ebb00000,0x00000007ebd80000)
 ParOldGen       total 43520K, used 20901K [0x00000007c0000000, 0x00000007c2a80000, 0x00000007eaa80000)
  object space 43520K, 48% used [0x00000007c0000000,0x00000007c14696b8,0x00000007c2a80000)
 PSPermGen       total 21504K, used 15908K [0x00000007bae00000, 0x00000007bc300000, 0x00000007c0000000)
  object space 21504K, 73% used [0x00000007bae00000,0x00000007bbd892c0,0x00000007bc300000)
Event: 17.764 GC heap after
Heap after GC invocations=3 (full 0):
 PSYoungGen      total 19456K, used 2549K [0x00000007eaa80000, 0x00000007ec000000, 0x0000000800000000)
  eden space 16896K, 0% used [0x00000007eaa80000,0x00000007eaa80000,0x00000007ebb00000)
  from space 2560K, 99% used [0x00000007ebb00000,0x00000007ebd7d7a8,0x00000007ebd80000)
  to   space 2560K, 0% used [0x00000007ebd80000,0x00000007ebd80000,0x00000007ec000000)
 ParOldGen       total 43520K, used 25349K [0x00000007c0000000, 0x00000007c2a80000, 0x00000007eaa80000)
  object space 43520K, 58% used [0x00000007c0000000,0x00000007c18c14d0,0x00000007c2a80000)
 PSPermGen       total 21504K, used 15908K [0x00000007bae00000, 0x00000007bc300000, 0x00000007c0000000)
  object space 21504K, 73% used [0x00000007bae00000,0x00000007bbd892c0,0x00000007bc300000)
}

